# JRE version: OpenJDK Runtime Environment Temurin-21.0.9+10 (21.0.9+10) (build 21.0.9+10-LTS)
# Java VM: OpenJDK 64-Bit Server VM Temurin-21.0.9+10 (21.0.9+10-LTS, mixed mode, sharing, tiered, compressed oops, compressed class ptrs, g1 gc, windows-amd64)
GC Precious Log:
 CardTable entry size: 512
 Card Set container configuration: InlinePtr #cards 5 size 8 Array Of Cards #cards 12 size 40 Howl #buckets 4 coarsen threshold 1843 Howl Bitmap #cards 512 size 80 coarsen threshold 460 Card regions per heap region 1 cards per card region 2048
 CPUs: 12 total, 12 available
 Memory: 7916M
 Large Page Support: Disabled
 NUMA Support: Disabled
 Compressed Oops: Enabled (32-bit)
 Heap Region Size: 1M
 Heap Min Capacity: 8M
 Heap Initial Capacity: 124M
 Heap Max Capacity: 1980M
 Pre-touch: Disabled
 Parallel Workers: 10
 Concurrent Workers: 3
 Concurrent Refinement Workers: 10
 Periodic GC: Disabled
Heap:
 garbage-first heap   total 130048K, used 70262K [0x0000000084400000, 0x0000000100000000)
  region size 1024K, 34 young (34816K), 4 survivors (4096K)
 Metaspace       used 58999K, committed 60032K, reserved 1114112K
  class space    used 7270K, committed 7744K, reserved 1048576K
GC Heap History (20 events):
Event: 8.472 GC heap before
{Heap before GC invocations=14 (full 0):
 garbage-first heap   total 72704K, used 41788K [0x0000000084400000, 0x0000000100000000)
  region size 1024K, 1 young (1024K), 1 survivors (1024K)
 Metaspace       used 42276K, committed 43200K, reserved 1114112K
  class space    used 5243K, committed 5696K, reserved 1048576K
}
Event: 8.474 GC heap after
{Heap after GC invocations=15 (full 0):
 garbage-first heap   total 72704K, used 36591K [0x0000000084400000, 0x0000000100000000)
  region size 1024K, 1 young (1024K), 1 survivors (1024K)
 Metaspace       used 42276K, committed 43200K, reserved 1114112K
  class space    used 5243K, committed 5696K, reserved 1048576K
}
Event: 9.079 GC heap before
{Heap before GC invocations=16 (full 0):
 garbage-first heap   total 91136K, used 90863K [0x0000000084400000, 0x0000000100000000)
  region size 1024K, 28 young (28672K), 1 survivors (1024K)
 Metaspace       used 47113K, committed 48000K, reserved 1114112K
  class space    used 5787K, committed 6208K, reserved 1048576K
}
Event: 9.084 GC heap after
{Heap after GC invocations=17 (full 0):
 garbage-first heap   total 93184K, used 28527K [0x0000000084400000, 0x0000000100000000)
  region size 1024K, 2 young (2048K), 2 survivors (2048K)
 Metaspace       used 47113K, committed 48000K, reserved 1114112K
  class space    used 5787K, committed 6208K, reserved 1048576K
}
Event: 9.686 GC heap before
{Heap before GC invocations=17 (full 0):
 garbage-first heap   total 93184K, used 85871K [0x0000000084400000, 0x0000000100000000)
  region size 1024K, 54 young (55296K), 2 survivors (2048K)
 Metaspace       used 48678K, committed 49728K, reserved 1114112K
  class space    used 6140K, committed 6656K, reserved 1048576K
}
Event: 9.691 GC heap after
{Heap after GC invocations=18 (full 0):
 garbage-first heap   total 96256K, used 36747K [0x0000000084400000, 0x0000000100000000)
  region size 1024K, 7 young (7168K), 7 survivors (7168K)
 Metaspace       used 48678K, committed 49728K, reserved 1114112K
  class space    used 6140K, committed 6656K, reserved 1048576K
}
Event: 9.693 GC heap before
{Heap before GC invocations=18 (full 0):
 garbage-first heap   total 96256K, used 37771K [0x0000000084400000, 0x0000000100000000)
  region size 1024K, 9 young (9216K), 7 survivors (7168K)
 Metaspace       used 48680K, committed 49728K, reserved 1114112K
  class space    used 6140K, committed 6656K, reserved 1048576K
}
Event: 9.696 GC heap after
{Heap after GC invocations=19 (full 0):
 garbage-first heap   total 96256K, used 38094K [0x0000000084400000, 0x0000000100000000)
  region size 1024K, 1 young (1024K), 1 survivors (1024K)
 Metaspace       used 48680K, committed 49728K, reserved 1114112K
  class space    used 6140K, committed 6656K, reserved 1048576K
}
Event: 9.744 GC heap before
{Heap before GC invocations=20 (full 0):
 garbage-first heap   total 96256K, used 77006K [0x0000000084400000, 0x0000000100000000)
  region size 1024K, 34 young (34816K), 1 survivors (1024K)
 Metaspace       used 48681K, committed 49728K, reserved 1114112K
  class space    used 6140K, committed 6656K, reserved 1048576K
}
Event: 9.746 GC heap after
{Heap after GC invocations=21 (full 0):
 garbage-first heap   total 192512K, used 42494K [0x0000000084400000, 0x0000000100000000)
  region size 1024K, 2 young (2048K), 2 survivors (2048K)
 Metaspace       used 48681K, committed 49728K, reserved 1114112K
  class space    used 6140K, committed 6656K, reserved 1048576K
}
Event: 9.823 GC heap before
{Heap before GC invocations=21 (full 0):
 garbage-first heap   total 192512K, used 136702K [0x0000000084400000, 0x0000000100000000)
  region size 1024K, 88 young (90112K), 2 survivors (2048K)
 Metaspace       used 48762K, committed 49792K, reserved 1114112K
  class space    used 6150K, committed 6656K, reserved 1048576K
}
Event: 9.829 GC heap after
{Heap after GC invocations=22 (full 0):
 garbage-first heap   total 192512K, used 51929K [0x0000000084400000, 0x0000000100000000)
  region size 1024K, 8 young (8192K), 8 survivors (8192K)
 Metaspace       used 48762K, committed 49792K, reserved 1114112K
  class space    used 6150K, committed 6656K, reserved 1048576K
}
Event: 9.839 GC heap before
{Heap before GC invocations=22 (full 0):
 garbage-first heap   total 192512K, used 76505K [0x0000000084400000, 0x0000000100000000)
  region size 1024K, 34 young (34816K), 8 survivors (8192K)
 Metaspace       used 48775K, committed 49792K, reserved 1114112K
  class space    used 6150K, committed 6656K, reserved 1048576K
}
Event: 9.843 GC heap after
{Heap after GC invocations=23 (full 0):
 garbage-first heap   total 192512K, used 51177K [0x0000000084400000, 0x0000000100000000)
  region size 1024K, 8 young (8192K), 8 survivors (8192K)
 Metaspace       used 48775K, committed 49792K, reserved 1114112K
  class space    used 6150K, committed 6656K, reserved 1048576K
}
Event: 9.917 GC heap before
{Heap before GC invocations=24 (full 0):
 garbage-first heap   total 163840K, used 152553K [0x0000000084400000, 0x0000000100000000)
  region size 1024K, 109 young (111616K), 8 survivors (8192K)
 Metaspace       used 48733K, committed 49792K, reserved 1114112K
  class space    used 6147K, committed 6656K, reserved 1048576K
}
Event: 9.919 GC heap after
{Heap after GC invocations=25 (full 0):
 garbage-first heap   total 163840K, used 42071K [0x0000000084400000, 0x0000000100000000)
  region size 1024K, 4 young (4096K), 4 survivors (4096K)
 Metaspace       used 48733K, committed 49792K, reserved 1114112K
  class space    used 6147K, committed 6656K, reserved 1048576K
}
Event: 10.879 GC heap before
{Heap before GC invocations=25 (full 0):
 garbage-first heap   total 163840K, used 131159K [0x0000000084400000, 0x0000000100000000)
  region size 1024K, 92 young (94208K), 4 survivors (4096K)
 Metaspace       used 55803K, committed 56832K, reserved 1114112K
  class space    used 6904K, committed 7424K, reserved 1048576K
}
Event: 10.882 GC heap after
{Heap after GC invocations=26 (full 0):
 garbage-first heap   total 247808K, used 37758K [0x0000000084400000, 0x0000000100000000)
  region size 1024K, 2 young (2048K), 2 survivors (2048K)
 Metaspace       used 55803K, committed 56832K, reserved 1114112K
  class space    used 6904K, committed 7424K, reserved 1048576K
}
Event: 11.888 GC heap before
{Heap before GC invocations=26 (full 0):
 garbage-first heap   total 247808K, used 74622K [0x0000000084400000, 0x0000000100000000)
  region size 1024K, 39 young (39936K), 2 survivors (2048K)
 Metaspace       used 58704K, committed 59776K, reserved 1114112K
  class space    used 7253K, committed 7744K, reserved 1048576K
}
Event: 11.893 GC heap after
{Heap after GC invocations=27 (full 0):
 garbage-first heap   total 247808K, used 39409K [0x0000000084400000, 0x0000000100000000)
  region size 1024K, 4 young (4096K), 4 survivors (4096K)
 Metaspace       used 58704K, committed 59776K, reserved 1114112K
  class space    used 7253K, committed 7744K, reserved 1048576K
}

