<?xml version="1.0" encoding="utf-8"?>
<coverage line-rate="0.2801" branch-rate="0.1822" version="1.9" timestamp="1776474073" lines-covered="794" lines-valid="2834" branches-covered="113" branches-valid="620">
  <sources>
    <source>C:\recouvrement_client\backend\</source>
  </sources>
  <packages>
    <package name="RecouvrementAPI" line-rate="0.2801" branch-rate="0.1822" complexity="1108">
      <classes>
        <class name="Program" filename="Program.cs" line-rate="0" branch-rate="1" complexity="1">
          <methods>
            <method name=".ctor" signature="()" line-rate="0" branch-rate="1" complexity="1">
              <lines>
                <line number="105" hits="0" branch="False" />
              </lines>
            </method>
          </methods>
          <lines>
            <line number="105" hits="0" branch="False" />
          </lines>
        </class>
        <class name="Program/&lt;&lt;Main&gt;$&gt;d__0" filename="Program.cs" line-rate="0.9411" branch-rate="0.5" complexity="2">
          <methods>
            <method name="MoveNext" signature="()" line-rate="0.9411" branch-rate="0.5" complexity="2">
              <lines>
                <line number="8" hits="1" branch="False" />
                <line number="11" hits="1" branch="False" />
                <line number="12" hits="1" branch="False" />
                <line number="13" hits="1" branch="False" />
                <line number="14" hits="1" branch="False" />
                <line number="18" hits="1" branch="False" />
                <line number="23" hits="1" branch="False" />
                <line number="26" hits="1" branch="False" />
                <line number="27" hits="1" branch="True" condition-coverage="50% (1/2)">
                  <conditions>
                    <condition number="165" type="jump" coverage="50%" />
                  </conditions>
                </line>
                <line number="28" hits="0" branch="False" />
                <line number="29" hits="0" branch="False" />
                <line number="30" hits="0" branch="False" />
                <line number="33" hits="1" branch="False" />
                <line number="36" hits="1" branch="False" />
                <line number="37" hits="1" branch="False" />
                <line number="41" hits="1" branch="False" />
                <line number="42" hits="1" branch="False" />
                <line number="44" hits="1" branch="False" />
                <line number="45" hits="1" branch="False" />
                <line number="46" hits="1" branch="False" />
                <line number="47" hits="1" branch="False" />
                <line number="48" hits="1" branch="False" />
                <line number="49" hits="1" branch="False" />
                <line number="50" hits="1" branch="False" />
                <line number="51" hits="1" branch="False" />
                <line number="52" hits="1" branch="False" />
                <line number="53" hits="1" branch="False" />
                <line number="54" hits="1" branch="False" />
                <line number="55" hits="1" branch="False" />
                <line number="56" hits="1" branch="False" />
                <line number="57" hits="2" branch="False" />
                <line number="60" hits="1" branch="False" />
                <line number="65" hits="1" branch="False" />
                <line number="66" hits="1" branch="False" />
                <line number="67" hits="1" branch="False" />
                <line number="68" hits="1" branch="False" />
                <line number="69" hits="1" branch="False" />
                <line number="70" hits="1" branch="False" />
                <line number="71" hits="1" branch="False" />
                <line number="72" hits="2" branch="False" />
                <line number="73" hits="2" branch="False" />
                <line number="76" hits="1" branch="False" />
                <line number="77" hits="1" branch="False" />
                <line number="80" hits="1" branch="False" />
                <line number="82" hits="1" branch="False" />
                <line number="88" hits="1" branch="False" />
                <line number="91" hits="1" branch="False" />
                <line number="94" hits="1" branch="False" />
                <line number="97" hits="1" branch="False" />
                <line number="100" hits="1" branch="False" />
                <line number="103" hits="1" branch="False" />
              </lines>
            </method>
          </methods>
          <lines>
            <line number="8" hits="1" branch="False" />
            <line number="11" hits="1" branch="False" />
            <line number="12" hits="1" branch="False" />
            <line number="13" hits="1" branch="False" />
            <line number="14" hits="1" branch="False" />
            <line number="18" hits="1" branch="False" />
            <line number="23" hits="1" branch="False" />
            <line number="26" hits="1" branch="False" />
            <line number="27" hits="1" branch="True" condition-coverage="50% (1/2)">
              <conditions>
                <condition number="165" type="jump" coverage="50%" />
              </conditions>
            </line>
            <line number="28" hits="0" branch="False" />
            <line number="29" hits="0" branch="False" />
            <line number="30" hits="0" branch="False" />
            <line number="33" hits="1" branch="False" />
            <line number="36" hits="1" branch="False" />
            <line number="37" hits="1" branch="False" />
            <line number="41" hits="1" branch="False" />
            <line number="42" hits="1" branch="False" />
            <line number="44" hits="1" branch="False" />
            <line number="45" hits="1" branch="False" />
            <line number="46" hits="1" branch="False" />
            <line number="47" hits="1" branch="False" />
            <line number="48" hits="1" branch="False" />
            <line number="49" hits="1" branch="False" />
            <line number="50" hits="1" branch="False" />
            <line number="51" hits="1" branch="False" />
            <line number="52" hits="1" branch="False" />
            <line number="53" hits="1" branch="False" />
            <line number="54" hits="1" branch="False" />
            <line number="55" hits="1" branch="False" />
            <line number="56" hits="1" branch="False" />
            <line number="57" hits="2" branch="False" />
            <line number="60" hits="1" branch="False" />
            <line number="65" hits="1" branch="False" />
            <line number="66" hits="1" branch="False" />
            <line number="67" hits="1" branch="False" />
            <line number="68" hits="1" branch="False" />
            <line number="69" hits="1" branch="False" />
            <line number="70" hits="1" branch="False" />
            <line number="71" hits="1" branch="False" />
            <line number="72" hits="2" branch="False" />
            <line number="73" hits="2" branch="False" />
            <line number="76" hits="1" branch="False" />
            <line number="77" hits="1" branch="False" />
            <line number="80" hits="1" branch="False" />
            <line number="82" hits="1" branch="False" />
            <line number="88" hits="1" branch="False" />
            <line number="91" hits="1" branch="False" />
            <line number="94" hits="1" branch="False" />
            <line number="97" hits="1" branch="False" />
            <line number="100" hits="1" branch="False" />
            <line number="103" hits="1" branch="False" />
          </lines>
        </class>
        <class name="RecouvrementAPI.Services.EmailService" filename="Services\EmailService.cs" line-rate="0" branch-rate="1" complexity="1">
          <methods>
            <method name=".ctor" signature="(Microsoft.Extensions.Configuration.IConfiguration,Microsoft.Extensions.Logging.ILogger`1&lt;RecouvrementAPI.Services.EmailService&gt;)" line-rate="0" branch-rate="1" complexity="1">
              <lines>
                <line number="12" hits="0" branch="False" />
                <line number="13" hits="0" branch="False" />
                <line number="14" hits="0" branch="False" />
                <line number="15" hits="0" branch="False" />
                <line number="16" hits="0" branch="False" />
              </lines>
            </method>
          </methods>
          <lines>
            <line number="12" hits="0" branch="False" />
            <line number="13" hits="0" branch="False" />
            <line number="14" hits="0" branch="False" />
            <line number="15" hits="0" branch="False" />
            <line number="16" hits="0" branch="False" />
          </lines>
        </class>
        <class name="RecouvrementAPI.Services.EmailService/&lt;SendEmailAsync&gt;d__3" filename="Services\EmailService.cs" line-rate="0" branch-rate="0" complexity="10">
          <methods>
            <method name="MoveNext" signature="()" line-rate="0" branch-rate="0" complexity="10">
              <lines>
                <line number="19" hits="0" branch="False" />
                <line number="21" hits="0" branch="False" />
                <line number="22" hits="0" branch="True" condition-coverage="0% (0/2)">
                  <conditions>
                    <condition number="50" type="jump" coverage="0%" />
                  </conditions>
                </line>
                <line number="23" hits="0" branch="True" condition-coverage="0% (0/2)">
                  <conditions>
                    <condition number="86" type="jump" coverage="0%" />
                  </conditions>
                </line>
                <line number="24" hits="0" branch="False" />
                <line number="25" hits="0" branch="False" />
                <line number="26" hits="0" branch="True" condition-coverage="0% (0/2)">
                  <conditions>
                    <condition number="181" type="jump" coverage="0%" />
                  </conditions>
                </line>
                <line number="28" hits="0" branch="True" condition-coverage="0% (0/4)">
                  <conditions>
                    <condition number="206" type="jump" coverage="0%" />
                    <condition number="224" type="jump" coverage="0%" />
                  </conditions>
                </line>
                <line number="29" hits="0" branch="False" />
                <line number="30" hits="0" branch="False" />
                <line number="31" hits="0" branch="False" />
                <line number="34" hits="0" branch="False" />
                <line number="35" hits="0" branch="False" />
                <line number="36" hits="0" branch="False" />
                <line number="37" hits="0" branch="False" />
                <line number="38" hits="0" branch="False" />
                <line number="40" hits="0" branch="False" />
                <line number="41" hits="0" branch="False" />
                <line number="42" hits="0" branch="False" />
                <line number="43" hits="0" branch="False" />
                <line number="44" hits="0" branch="False" />
                <line number="45" hits="0" branch="False" />
                <line number="46" hits="0" branch="False" />
                <line number="47" hits="0" branch="False" />
                <line number="49" hits="0" branch="False" />
                <line number="50" hits="0" branch="False" />
                <line number="51" hits="0" branch="False" />
                <line number="52" hits="0" branch="False" />
                <line number="53" hits="0" branch="False" />
                <line number="54" hits="0" branch="False" />
                <line number="57" hits="0" branch="False" />
                <line number="58" hits="0" branch="False" />
              </lines>
            </method>
          </methods>
          <lines>
            <line number="19" hits="0" branch="False" />
            <line number="21" hits="0" branch="False" />
            <line number="22" hits="0" branch="True" condition-coverage="0% (0/2)">
              <conditions>
                <condition number="50" type="jump" coverage="0%" />
              </conditions>
            </line>
            <line number="23" hits="0" branch="True" condition-coverage="0% (0/2)">
              <conditions>
                <condition number="86" type="jump" coverage="0%" />
              </conditions>
            </line>
            <line number="24" hits="0" branch="False" />
            <line number="25" hits="0" branch="False" />
            <line number="26" hits="0" branch="True" condition-coverage="0% (0/2)">
              <conditions>
                <condition number="181" type="jump" coverage="0%" />
              </conditions>
            </line>
            <line number="28" hits="0" branch="True" condition-coverage="0% (0/4)">
              <conditions>
                <condition number="206" type="jump" coverage="0%" />
                <condition number="224" type="jump" coverage="0%" />
              </conditions>
            </line>
            <line number="29" hits="0" branch="False" />
            <line number="30" hits="0" branch="False" />
            <line number="31" hits="0" branch="False" />
            <line number="34" hits="0" branch="False" />
            <line number="35" hits="0" branch="False" />
            <line number="36" hits="0" branch="False" />
            <line number="37" hits="0" branch="False" />
            <line number="38" hits="0" branch="False" />
            <line number="40" hits="0" branch="False" />
            <line number="41" hits="0" branch="False" />
            <line number="42" hits="0" branch="False" />
            <line number="43" hits="0" branch="False" />
            <line number="44" hits="0" branch="False" />
            <line number="45" hits="0" branch="False" />
            <line number="46" hits="0" branch="False" />
            <line number="47" hits="0" branch="False" />
            <line number="49" hits="0" branch="False" />
            <line number="50" hits="0" branch="False" />
            <line number="51" hits="0" branch="False" />
            <line number="52" hits="0" branch="False" />
            <line number="53" hits="0" branch="False" />
            <line number="54" hits="0" branch="False" />
            <line number="57" hits="0" branch="False" />
            <line number="58" hits="0" branch="False" />
          </lines>
        </class>
        <class name="RecouvrementAPI.Services.EmailService/&lt;SendRenewalEmailAsync&gt;d__5" filename="Services\EmailService.cs" line-rate="0" branch-rate="1" complexity="1">
          <methods>
            <method name="MoveNext" signature="()" line-rate="0" branch-rate="1" complexity="1">
              <lines>
                <line number="82" hits="0" branch="False" />
                <line number="83" hits="0" branch="False" />
                <line number="84" hits="0" branch="False" />
                <line number="85" hits="0" branch="False" />
                <line number="86" hits="0" branch="False" />
                <line number="87" hits="0" branch="False" />
                <line number="88" hits="0" branch="False" />
                <line number="89" hits="0" branch="False" />
                <line number="90" hits="0" branch="False" />
                <line number="91" hits="0" branch="False" />
                <line number="92" hits="0" branch="False" />
                <line number="93" hits="0" branch="False" />
                <line number="94" hits="0" branch="False" />
                <line number="95" hits="0" branch="False" />
                <line number="96" hits="0" branch="False" />
                <line number="97" hits="0" branch="False" />
                <line number="99" hits="0" branch="False" />
                <line number="100" hits="0" branch="False" />
              </lines>
            </method>
          </methods>
          <lines>
            <line number="82" hits="0" branch="False" />
            <line number="83" hits="0" branch="False" />
            <line number="84" hits="0" branch="False" />
            <line number="85" hits="0" branch="False" />
            <line number="86" hits="0" branch="False" />
            <line number="87" hits="0" branch="False" />
            <line number="88" hits="0" branch="False" />
            <line number="89" hits="0" branch="False" />
            <line number="90" hits="0" branch="False" />
            <line number="91" hits="0" branch="False" />
            <line number="92" hits="0" branch="False" />
            <line number="93" hits="0" branch="False" />
            <line number="94" hits="0" branch="False" />
            <line number="95" hits="0" branch="False" />
            <line number="96" hits="0" branch="False" />
            <line number="97" hits="0" branch="False" />
            <line number="99" hits="0" branch="False" />
            <line number="100" hits="0" branch="False" />
          </lines>
        </class>
        <class name="RecouvrementAPI.Services.EmailService/&lt;SendWelcomeEmailAsync&gt;d__4" filename="Services\EmailService.cs" line-rate="0" branch-rate="1" complexity="1">
          <methods>
            <method name="MoveNext" signature="()" line-rate="0" branch-rate="1" complexity="1">
              <lines>
                <line number="61" hits="0" branch="False" />
                <line number="62" hits="0" branch="False" />
                <line number="63" hits="0" branch="False" />
                <line number="64" hits="0" branch="False" />
                <line number="65" hits="0" branch="False" />
                <line number="66" hits="0" branch="False" />
                <line number="67" hits="0" branch="False" />
                <line number="68" hits="0" branch="False" />
                <line number="69" hits="0" branch="False" />
                <line number="70" hits="0" branch="False" />
                <line number="71" hits="0" branch="False" />
                <line number="72" hits="0" branch="False" />
                <line number="73" hits="0" branch="False" />
                <line number="74" hits="0" branch="False" />
                <line number="75" hits="0" branch="False" />
                <line number="76" hits="0" branch="False" />
                <line number="78" hits="0" branch="False" />
                <line number="79" hits="0" branch="False" />
              </lines>
            </method>
          </methods>
          <lines>
            <line number="61" hits="0" branch="False" />
            <line number="62" hits="0" branch="False" />
            <line number="63" hits="0" branch="False" />
            <line number="64" hits="0" branch="False" />
            <line number="65" hits="0" branch="False" />
            <line number="66" hits="0" branch="False" />
            <line number="67" hits="0" branch="False" />
            <line number="68" hits="0" branch="False" />
            <line number="69" hits="0" branch="False" />
            <line number="70" hits="0" branch="False" />
            <line number="71" hits="0" branch="False" />
            <line number="72" hits="0" branch="False" />
            <line number="73" hits="0" branch="False" />
            <line number="74" hits="0" branch="False" />
            <line number="75" hits="0" branch="False" />
            <line number="76" hits="0" branch="False" />
            <line number="78" hits="0" branch="False" />
            <line number="79" hits="0" branch="False" />
          </lines>
        </class>
        <class name="RecouvrementAPI.Services.SmsService" filename="Services\SmsService.cs" line-rate="0" branch-rate="1" complexity="1">
          <methods>
            <method name=".ctor" signature="(Microsoft.Extensions.Logging.ILogger`1&lt;RecouvrementAPI.Services.SmsService&gt;)" line-rate="0" branch-rate="1" complexity="1">
              <lines>
                <line number="9" hits="0" branch="False" />
                <line number="10" hits="0" branch="False" />
                <line number="11" hits="0" branch="False" />
                <line number="12" hits="0" branch="False" />
              </lines>
            </method>
          </methods>
          <lines>
            <line number="9" hits="0" branch="False" />
            <line number="10" hits="0" branch="False" />
            <line number="11" hits="0" branch="False" />
            <line number="12" hits="0" branch="False" />
          </lines>
        </class>
        <class name="RecouvrementAPI.Services.SmsService/&lt;SendSmsAsync&gt;d__2" filename="Services\SmsService.cs" line-rate="0" branch-rate="1" complexity="1">
          <methods>
            <method name="MoveNext" signature="()" line-rate="0" branch-rate="1" complexity="1">
              <lines>
                <line number="15" hits="0" branch="False" />
                <line number="19" hits="0" branch="False" />
                <line number="20" hits="0" branch="False" />
                <line number="21" hits="0" branch="False" />
                <line number="22" hits="0" branch="False" />
                <line number="25" hits="0" branch="False" />
                <line number="26" hits="0" branch="False" />
              </lines>
            </method>
          </methods>
          <lines>
            <line number="15" hits="0" branch="False" />
            <line number="19" hits="0" branch="False" />
            <line number="20" hits="0" branch="False" />
            <line number="21" hits="0" branch="False" />
            <line number="22" hits="0" branch="False" />
            <line number="25" hits="0" branch="False" />
            <line number="26" hits="0" branch="False" />
          </lines>
        </class>
        <class name="RecouvrementAPI.Services.SmsService/&lt;SendTokenSmsAsync&gt;d__3" filename="Services\SmsService.cs" line-rate="0" branch-rate="1" complexity="1">
          <methods>
            <method name="MoveNext" signature="()" line-rate="0" branch-rate="1" complexity="1">
              <lines>
                <line number="29" hits="0" branch="False" />
                <line number="30" hits="0" branch="False" />
                <line number="31" hits="0" branch="False" />
                <line number="33" hits="0" branch="False" />
                <line number="34" hits="0" branch="False" />
              </lines>
            </method>
          </methods>
          <lines>
            <line number="29" hits="0" branch="False" />
            <line number="30" hits="0" branch="False" />
            <line number="31" hits="0" branch="False" />
            <line number="33" hits="0" branch="False" />
            <line number="34" hits="0" branch="False" />
          </lines>
        </class>
        <class name="RecouvrementAPI.Models.Agence" filename="Models\Agence.cs" line-rate="0.6666" branch-rate="1" complexity="3">
          <methods>
            <method name="get_IdAgence" signature="()" line-rate="1" branch-rate="1" complexity="1">
              <lines>
                <line number="15" hits="2" branch="False" />
              </lines>
            </method>
            <method name="get_Ville" signature="()" line-rate="1" branch-rate="1" complexity="1">
              <lines>
                <line number="20" hits="5" branch="False" />
              </lines>
            </method>
            <method name="get_Clients" signature="()" line-rate="0" branch-rate="1" complexity="1">
              <lines>
                <line number="23" hits="0" branch="False" />
              </lines>
            </method>
          </methods>
          <lines>
            <line number="15" hits="2" branch="False" />
            <line number="20" hits="5" branch="False" />
            <line number="23" hits="0" branch="False" />
          </lines>
        </class>
        <class name="RecouvrementAPI.Models.Client" filename="Models\Client.cs" line-rate="1" branch-rate="1" complexity="13">
          <methods>
            <method name="get_IdClient" signature="()" line-rate="1" branch-rate="1" complexity="1">
              <lines>
                <line number="14" hits="2" branch="False" />
              </lines>
            </method>
            <method name="get_IdAgence" signature="()" line-rate="1" branch-rate="1" complexity="1">
              <lines>
                <line number="18" hits="2" branch="False" />
              </lines>
            </method>
            <method name="get_Nom" signature="()" line-rate="1" branch-rate="1" complexity="1">
              <lines>
                <line number="22" hits="25" branch="False" />
              </lines>
            </method>
            <method name="get_Prenom" signature="()" line-rate="1" branch-rate="1" complexity="1">
              <lines>
                <line number="26" hits="25" branch="False" />
              </lines>
            </method>
            <method name="get_Telephone" signature="()" line-rate="1" branch-rate="1" complexity="1">
              <lines>
                <line number="29" hits="19" branch="False" />
              </lines>
            </method>
            <method name="get_Email" signature="()" line-rate="1" branch-rate="1" complexity="1">
              <lines>
                <line number="32" hits="21" branch="False" />
              </lines>
            </method>
            <method name="get_TokenAcces" signature="()" line-rate="1" branch-rate="1" complexity="1">
              <lines>
                <line number="35" hits="21" branch="False" />
              </lines>
            </method>
            <method name="get_CIN" signature="()" line-rate="1" branch-rate="1" complexity="1">
              <lines>
                <line number="38" hits="19" branch="False" />
              </lines>
            </method>
            <method name="get_Adresse" signature="()" line-rate="1" branch-rate="1" complexity="1">
              <lines>
                <line number="41" hits="19" branch="False" />
              </lines>
            </method>
            <method name="get_Statut" signature="()" line-rate="1" branch-rate="1" complexity="1">
              <lines>
                <line number="44" hits="21" branch="False" />
              </lines>
            </method>
            <method name="get_TokenExpireLe" signature="()" line-rate="1" branch-rate="1" complexity="1">
              <lines>
                <line number="47" hits="30" branch="False" />
              </lines>
            </method>
            <method name="get_Agence" signature="()" line-rate="1" branch-rate="1" complexity="1">
              <lines>
                <line number="50" hits="25" branch="False" />
              </lines>
            </method>
            <method name="get_Dossiers" signature="()" line-rate="1" branch-rate="1" complexity="1">
              <lines>
                <line number="52" hits="34" branch="False" />
              </lines>
            </method>
          </methods>
          <lines>
            <line number="14" hits="2" branch="False" />
            <line number="18" hits="2" branch="False" />
            <line number="22" hits="25" branch="False" />
            <line number="26" hits="25" branch="False" />
            <line number="29" hits="19" branch="False" />
            <line number="32" hits="21" branch="False" />
            <line number="35" hits="21" branch="False" />
            <line number="38" hits="19" branch="False" />
            <line number="41" hits="19" branch="False" />
            <line number="44" hits="21" branch="False" />
            <line number="47" hits="30" branch="False" />
            <line number="50" hits="25" branch="False" />
            <line number="52" hits="34" branch="False" />
          </lines>
        </class>
        <class name="RecouvrementAPI.Models.Communication" filename="Models\Communication.cs" line-rate="0.625" branch-rate="1" complexity="8">
          <methods>
            <method name="get_IdCommunication" signature="()" line-rate="0" branch-rate="1" complexity="1">
              <lines>
                <line number="12" hits="0" branch="False" />
              </lines>
            </method>
            <method name="get_IdDossier" signature="()" line-rate="1" branch-rate="1" complexity="1">
              <lines>
                <line number="15" hits="8" branch="False" />
              </lines>
            </method>
            <method name="get_Message" signature="()" line-rate="1" branch-rate="1" complexity="1">
              <lines>
                <line number="18" hits="16" branch="False" />
              </lines>
            </method>
            <method name="get_Origine" signature="()" line-rate="1" branch-rate="1" complexity="1">
              <lines>
                <line number="22" hits="20" branch="False" />
              </lines>
            </method>
            <method name="get_DateEnvoi" signature="()" line-rate="1" branch-rate="1" complexity="1">
              <lines>
                <line number="25" hits="22" branch="False" />
              </lines>
            </method>
            <method name="get_IdRelance" signature="()" line-rate="1" branch-rate="1" complexity="1">
              <lines>
                <line number="27" hits="9" branch="False" />
              </lines>
            </method>
            <method name="get_Relance" signature="()" line-rate="0" branch-rate="1" complexity="1">
              <lines>
                <line number="30" hits="0" branch="False" />
              </lines>
            </method>
            <method name="get_Dossier" signature="()" line-rate="0" branch-rate="1" complexity="1">
              <lines>
                <line number="32" hits="0" branch="False" />
              </lines>
            </method>
          </methods>
          <lines>
            <line number="12" hits="0" branch="False" />
            <line number="15" hits="8" branch="False" />
            <line number="18" hits="16" branch="False" />
            <line number="22" hits="20" branch="False" />
            <line number="25" hits="22" branch="False" />
            <line number="27" hits="9" branch="False" />
            <line number="30" hits="0" branch="False" />
            <line number="32" hits="0" branch="False" />
          </lines>
        </class>
        <class name="RecouvrementAPI.Models.DossierRecouvrement" filename="Models\DossierRecouvrement.cs" line-rate="1" branch-rate="1" complexity="18">
          <methods>
            <method name="get_IdDossier" signature="()" line-rate="1" branch-rate="1" complexity="1">
              <lines>
                <line number="15" hits="87" branch="False" />
              </lines>
            </method>
            <method name="get_IdClient" signature="()" line-rate="1" branch-rate="1" complexity="1">
              <lines>
                <line number="19" hits="10" branch="False" />
              </lines>
            </method>
            <method name="get_MontantInitial" signature="()" line-rate="1" branch-rate="1" complexity="1">
              <lines>
                <line number="23" hits="30" branch="False" />
              </lines>
            </method>
            <method name="get_MontantImpaye" signature="()" line-rate="1" branch-rate="1" complexity="1">
              <lines>
                <line number="27" hits="43" branch="False" />
              </lines>
            </method>
            <method name="get_FraisDossier" signature="()" line-rate="1" branch-rate="1" complexity="1">
              <lines>
                <line number="31" hits="20" branch="False" />
              </lines>
            </method>
            <method name="get_StatutDossier" signature="()" line-rate="1" branch-rate="1" complexity="1">
              <lines>
                <line number="34" hits="184" branch="False" />
              </lines>
            </method>
            <method name="get_DateCreation" signature="()" line-rate="1" branch-rate="1" complexity="1">
              <lines>
                <line number="41" hits="40" branch="False" />
              </lines>
            </method>
            <method name="get_TypeEmprunt" signature="()" line-rate="1" branch-rate="1" complexity="1">
              <lines>
                <line number="45" hits="186" branch="False" />
              </lines>
            </method>
            <method name="get_TauxInteret" signature="()" line-rate="1" branch-rate="1" complexity="1">
              <lines>
                <line number="49" hits="30" branch="False" />
              </lines>
            </method>
            <method name="get_Client" signature="()" line-rate="1" branch-rate="1" complexity="1">
              <lines>
                <line number="51" hits="172" branch="False" />
              </lines>
            </method>
            <method name="get_Intentions" signature="()" line-rate="1" branch-rate="1" complexity="1">
              <lines>
                <line number="53" hits="163" branch="False" />
              </lines>
            </method>
            <method name="get_Echeances" signature="()" line-rate="1" branch-rate="1" complexity="1">
              <lines>
                <line number="56" hits="206" branch="False" />
              </lines>
            </method>
            <method name="get_HistoriquePaiements" signature="()" line-rate="1" branch-rate="1" complexity="1">
              <lines>
                <line number="59" hits="173" branch="False" />
              </lines>
            </method>
            <method name="get_Relances" signature="()" line-rate="1" branch-rate="1" complexity="1">
              <lines>
                <line number="62" hits="175" branch="False" />
              </lines>
            </method>
            <method name="get_Communications" signature="()" line-rate="1" branch-rate="1" complexity="1">
              <lines>
                <line number="65" hits="176" branch="False" />
              </lines>
            </method>
            <method name="get_Garanties" signature="()" line-rate="1" branch-rate="1" complexity="1">
              <lines>
                <line number="68" hits="163" branch="False" />
              </lines>
            </method>
            <method name="get_ScoresRisque" signature="()" line-rate="1" branch-rate="1" complexity="1">
              <lines>
                <line number="71" hits="163" branch="False" />
              </lines>
            </method>
            <method name="get_HistoriqueActions" signature="()" line-rate="1" branch-rate="1" complexity="1">
              <lines>
                <line number="74" hits="163" branch="False" />
              </lines>
            </method>
          </methods>
          <lines>
            <line number="15" hits="87" branch="False" />
            <line number="19" hits="10" branch="False" />
            <line number="23" hits="30" branch="False" />
            <line number="27" hits="43" branch="False" />
            <line number="31" hits="20" branch="False" />
            <line number="34" hits="184" branch="False" />
            <line number="41" hits="40" branch="False" />
            <line number="45" hits="186" branch="False" />
            <line number="49" hits="30" branch="False" />
            <line number="51" hits="172" branch="False" />
            <line number="53" hits="163" branch="False" />
            <line number="56" hits="206" branch="False" />
            <line number="59" hits="173" branch="False" />
            <line number="62" hits="175" branch="False" />
            <line number="65" hits="176" branch="False" />
            <line number="68" hits="163" branch="False" />
            <line number="71" hits="163" branch="False" />
            <line number="74" hits="163" branch="False" />
          </lines>
        </class>
        <class name="RecouvrementAPI.Models.Echeance" filename="Models\Echeance.cs" line-rate="0.8332999999999999" branch-rate="1" complexity="6">
          <methods>
            <method name="get_IdEcheance" signature="()" line-rate="0" branch-rate="1" complexity="1">
              <lines>
                <line number="11" hits="0" branch="False" />
              </lines>
            </method>
            <method name="get_IdDossier" signature="()" line-rate="1" branch-rate="1" complexity="1">
              <lines>
                <line number="14" hits="10" branch="False" />
              </lines>
            </method>
            <method name="get_Montant" signature="()" line-rate="1" branch-rate="1" complexity="1">
              <lines>
                <line number="17" hits="20" branch="False" />
              </lines>
            </method>
            <method name="get_DateEcheance" signature="()" line-rate="1" branch-rate="1" complexity="1">
              <lines>
                <line number="20" hits="86" branch="False" />
              </lines>
            </method>
            <method name="get_Statut" signature="()" line-rate="1" branch-rate="1" complexity="1">
              <lines>
                <line number="23" hits="75" branch="False" />
              </lines>
            </method>
            <method name="get_Dossier" signature="()" line-rate="1" branch-rate="1" complexity="1">
              <lines>
                <line number="26" hits="32" branch="False" />
              </lines>
            </method>
          </methods>
          <lines>
            <line number="11" hits="0" branch="False" />
            <line number="14" hits="10" branch="False" />
            <line number="17" hits="20" branch="False" />
            <line number="20" hits="86" branch="False" />
            <line number="23" hits="75" branch="False" />
            <line number="26" hits="32" branch="False" />
          </lines>
        </class>
        <class name="RecouvrementAPI.Models.Garantie" filename="Models\Garantie.cs" line-rate="0.6" branch-rate="1" complexity="5">
          <methods>
            <method name="get_IdGarantie" signature="()" line-rate="0" branch-rate="1" complexity="1">
              <lines>
                <line number="12" hits="0" branch="False" />
              </lines>
            </method>
            <method name="get_IdDossier" signature="()" line-rate="1" branch-rate="1" complexity="1">
              <lines>
                <line number="15" hits="2" branch="False" />
              </lines>
            </method>
            <method name="get_TypeGarantie" signature="()" line-rate="1" branch-rate="1" complexity="1">
              <lines>
                <line number="19" hits="2" branch="False" />
              </lines>
            </method>
            <method name="get_Description" signature="()" line-rate="1" branch-rate="1" complexity="1">
              <lines>
                <line number="22" hits="2" branch="False" />
              </lines>
            </method>
            <method name="get_Dossier" signature="()" line-rate="0" branch-rate="1" complexity="1">
              <lines>
                <line number="24" hits="0" branch="False" />
              </lines>
            </method>
          </methods>
          <lines>
            <line number="12" hits="0" branch="False" />
            <line number="15" hits="2" branch="False" />
            <line number="19" hits="2" branch="False" />
            <line number="22" hits="2" branch="False" />
            <line number="24" hits="0" branch="False" />
          </lines>
        </class>
        <class name="RecouvrementAPI.Models.HistoriqueAction" filename="Models\HistoriqueAction.cs" line-rate="0.8332999999999999" branch-rate="1" complexity="6">
          <methods>
            <method name="get_IdAction" signature="()" line-rate="0" branch-rate="1" complexity="1">
              <lines>
                <line number="12" hits="0" branch="False" />
              </lines>
            </method>
            <method name="get_IdDossier" signature="()" line-rate="1" branch-rate="1" complexity="1">
              <lines>
                <line number="15" hits="8" branch="False" />
              </lines>
            </method>
            <method name="get_ActionDetail" signature="()" line-rate="1" branch-rate="1" complexity="1">
              <lines>
                <line number="18" hits="16" branch="False" />
              </lines>
            </method>
            <method name="get_Acteur" signature="()" line-rate="1" branch-rate="1" complexity="1">
              <lines>
                <line number="22" hits="16" branch="False" />
              </lines>
            </method>
            <method name="get_DateAction" signature="()" line-rate="1" branch-rate="1" complexity="1">
              <lines>
                <line number="25" hits="8" branch="False" />
              </lines>
            </method>
            <method name="get_Dossier" signature="()" line-rate="1" branch-rate="1" complexity="1">
              <lines>
                <line number="27" hits="8" branch="False" />
              </lines>
            </method>
          </methods>
          <lines>
            <line number="12" hits="0" branch="False" />
            <line number="15" hits="8" branch="False" />
            <line number="18" hits="16" branch="False" />
            <line number="22" hits="16" branch="False" />
            <line number="25" hits="8" branch="False" />
            <line number="27" hits="8" branch="False" />
          </lines>
        </class>
        <class name="RecouvrementAPI.Models.HistoriquePaiement" filename="Models\HistoriquePaiement.cs" line-rate="0.6666" branch-rate="1" complexity="6">
          <methods>
            <method name="get_IdPaiement" signature="()" line-rate="0" branch-rate="1" complexity="1">
              <lines>
                <line number="12" hits="0" branch="False" />
              </lines>
            </method>
            <method name="get_IdDossier" signature="()" line-rate="1" branch-rate="1" complexity="1">
              <lines>
                <line number="15" hits="2" branch="False" />
              </lines>
            </method>
            <method name="get_MontantPaye" signature="()" line-rate="1" branch-rate="1" complexity="1">
              <lines>
                <line number="18" hits="4" branch="False" />
              </lines>
            </method>
            <method name="get_TypePaiement" signature="()" line-rate="1" branch-rate="1" complexity="1">
              <lines>
                <line number="21" hits="4" branch="False" />
              </lines>
            </method>
            <method name="get_DatePaiement" signature="()" line-rate="1" branch-rate="1" complexity="1">
              <lines>
                <line number="24" hits="4" branch="False" />
              </lines>
            </method>
            <method name="get_Dossier" signature="()" line-rate="0" branch-rate="1" complexity="1">
              <lines>
                <line number="26" hits="0" branch="False" />
              </lines>
            </method>
          </methods>
          <lines>
            <line number="12" hits="0" branch="False" />
            <line number="15" hits="2" branch="False" />
            <line number="18" hits="4" branch="False" />
            <line number="21" hits="4" branch="False" />
            <line number="24" hits="4" branch="False" />
            <line number="26" hits="0" branch="False" />
          </lines>
        </class>
        <class name="RecouvrementAPI.Models.IntentionClient" filename="Models\IntentionClient.cs" line-rate="1" branch-rate="1" complexity="9">
          <methods>
            <method name="get_IdIntention" signature="()" line-rate="1" branch-rate="1" complexity="1">
              <lines>
                <line number="14" hits="9" branch="False" />
              </lines>
            </method>
            <method name="get_IdDossier" signature="()" line-rate="1" branch-rate="1" complexity="1">
              <lines>
                <line number="19" hits="15" branch="False" />
              </lines>
            </method>
            <method name="get_TypeIntention" signature="()" line-rate="1" branch-rate="1" complexity="1">
              <lines>
                <line number="23" hits="30" branch="False" />
              </lines>
            </method>
            <method name="get_DateIntention" signature="()" line-rate="1" branch-rate="1" complexity="1">
              <lines>
                <line number="26" hits="21" branch="False" />
              </lines>
            </method>
            <method name="get_DatePaiementPrevue" signature="()" line-rate="1" branch-rate="1" complexity="1">
              <lines>
                <line number="29" hits="7" branch="False" />
              </lines>
            </method>
            <method name="get_MontantPropose" signature="()" line-rate="1" branch-rate="1" complexity="1">
              <lines>
                <line number="32" hits="11" branch="False" />
              </lines>
            </method>
            <method name="get_Statut" signature="()" line-rate="1" branch-rate="1" complexity="1">
              <lines>
                <line number="35" hits="25" branch="False" />
              </lines>
            </method>
            <method name="get_Commentaire" signature="()" line-rate="1" branch-rate="1" complexity="1">
              <lines>
                <line number="38" hits="6" branch="False" />
              </lines>
            </method>
            <method name="get_Dossier" signature="()" line-rate="1" branch-rate="1" complexity="1">
              <lines>
                <line number="40" hits="24" branch="False" />
              </lines>
            </method>
          </methods>
          <lines>
            <line number="14" hits="9" branch="False" />
            <line number="19" hits="15" branch="False" />
            <line number="23" hits="30" branch="False" />
            <line number="26" hits="21" branch="False" />
            <line number="29" hits="7" branch="False" />
            <line number="32" hits="11" branch="False" />
            <line number="35" hits="25" branch="False" />
            <line number="38" hits="6" branch="False" />
            <line number="40" hits="24" branch="False" />
          </lines>
        </class>
        <class name="RecouvrementAPI.Models.RelanceClient" filename="Models\RelanceClient.cs" line-rate="0.875" branch-rate="1" complexity="8">
          <methods>
            <method name="get_IdRelance" signature="()" line-rate="1" branch-rate="1" complexity="1">
              <lines>
                <line number="12" hits="8" branch="False" />
              </lines>
            </method>
            <method name="get_IdDossier" signature="()" line-rate="1" branch-rate="1" complexity="1">
              <lines>
                <line number="15" hits="3" branch="False" />
              </lines>
            </method>
            <method name="get_Moyen" signature="()" line-rate="1" branch-rate="1" complexity="1">
              <lines>
                <line number="19" hits="6" branch="False" />
              </lines>
            </method>
            <method name="get_Statut" signature="()" line-rate="1" branch-rate="1" complexity="1">
              <lines>
                <line number="23" hits="8" branch="False" />
              </lines>
            </method>
            <method name="get_DateRelance" signature="()" line-rate="1" branch-rate="1" complexity="1">
              <lines>
                <line number="26" hits="6" branch="False" />
              </lines>
            </method>
            <method name="get_Contenu" signature="()" line-rate="1" branch-rate="1" complexity="1">
              <lines>
                <line number="29" hits="6" branch="False" />
              </lines>
            </method>
            <method name="get_Dossier" signature="()" line-rate="0" branch-rate="1" complexity="1">
              <lines>
                <line number="31" hits="0" branch="False" />
              </lines>
            </method>
            <method name="get_Communications" signature="()" line-rate="1" branch-rate="1" complexity="1">
              <lines>
                <line number="32" hits="12" branch="False" />
              </lines>
            </method>
          </methods>
          <lines>
            <line number="12" hits="8" branch="False" />
            <line number="15" hits="3" branch="False" />
            <line number="19" hits="6" branch="False" />
            <line number="23" hits="8" branch="False" />
            <line number="26" hits="6" branch="False" />
            <line number="29" hits="6" branch="False" />
            <line number="31" hits="0" branch="False" />
            <line number="32" hits="12" branch="False" />
          </lines>
        </class>
        <class name="RecouvrementAPI.Models.ScoreRisque" filename="Models\ScoreRisque.cs" line-rate="0.9" branch-rate="1" complexity="10">
          <methods>
            <method name="get_IdScore" signature="()" line-rate="0" branch-rate="1" complexity="1">
              <lines>
                <line number="12" hits="0" branch="False" />
              </lines>
            </method>
            <method name="get_IdDossier" signature="()" line-rate="1" branch-rate="1" complexity="1">
              <lines>
                <line number="15" hits="10" branch="False" />
              </lines>
            </method>
            <method name="get_ScoreTotal" signature="()" line-rate="1" branch-rate="1" complexity="1">
              <lines>
                <line number="18" hits="10" branch="False" />
              </lines>
            </method>
            <method name="get_PointsRetard" signature="()" line-rate="1" branch-rate="1" complexity="1">
              <lines>
                <line number="21" hits="10" branch="False" />
              </lines>
            </method>
            <method name="get_PointsHistorique" signature="()" line-rate="1" branch-rate="1" complexity="1">
              <lines>
                <line number="24" hits="10" branch="False" />
              </lines>
            </method>
            <method name="get_PointsGarantie" signature="()" line-rate="1" branch-rate="1" complexity="1">
              <lines>
                <line number="27" hits="10" branch="False" />
              </lines>
            </method>
            <method name="get_PointsIntention" signature="()" line-rate="1" branch-rate="1" complexity="1">
              <lines>
                <line number="30" hits="10" branch="False" />
              </lines>
            </method>
            <method name="get_Niveau" signature="()" line-rate="1" branch-rate="1" complexity="1">
              <lines>
                <line number="33" hits="22" branch="False" />
              </lines>
            </method>
            <method name="get_DateCalcul" signature="()" line-rate="1" branch-rate="1" complexity="1">
              <lines>
                <line number="36" hits="10" branch="False" />
              </lines>
            </method>
            <method name="get_Dossier" signature="()" line-rate="1" branch-rate="1" complexity="1">
              <lines>
                <line number="38" hits="12" branch="False" />
              </lines>
            </method>
          </methods>
          <lines>
            <line number="12" hits="0" branch="False" />
            <line number="15" hits="10" branch="False" />
            <line number="18" hits="10" branch="False" />
            <line number="21" hits="10" branch="False" />
            <line number="24" hits="10" branch="False" />
            <line number="27" hits="10" branch="False" />
            <line number="30" hits="10" branch="False" />
            <line number="33" hits="22" branch="False" />
            <line number="36" hits="10" branch="False" />
            <line number="38" hits="12" branch="False" />
          </lines>
        </class>
        <class name="RecouvrementAPI.Models.UtilisateurBack" filename="Models\UtilisateurBack.cs" line-rate="1" branch-rate="1" complexity="11">
          <methods>
            <method name="get_IdAgent" signature="()" line-rate="1" branch-rate="1" complexity="1">
              <lines>
                <line number="11" hits="10" branch="False" />
              </lines>
            </method>
            <method name="get_IdAgence" signature="()" line-rate="1" branch-rate="1" complexity="1">
              <lines>
                <line number="14" hits="1" branch="False" />
              </lines>
            </method>
            <method name="get_Nom" signature="()" line-rate="1" branch-rate="1" complexity="1">
              <lines>
                <line number="21" hits="11" branch="False" />
              </lines>
            </method>
            <method name="get_Prenom" signature="()" line-rate="1" branch-rate="1" complexity="1">
              <lines>
                <line number="27" hits="8" branch="False" />
              </lines>
            </method>
            <method name="get_Email" signature="()" line-rate="1" branch-rate="1" complexity="1">
              <lines>
                <line number="34" hits="8" branch="False" />
              </lines>
            </method>
            <method name="get_MotDePasse" signature="()" line-rate="1" branch-rate="1" complexity="1">
              <lines>
                <line number="39" hits="11" branch="False" />
              </lines>
            </method>
            <method name="get_Role" signature="()" line-rate="1" branch-rate="1" complexity="1">
              <lines>
                <line number="45" hits="11" branch="False" />
              </lines>
            </method>
            <method name="get_Telephone" signature="()" line-rate="1" branch-rate="1" complexity="1">
              <lines>
                <line number="49" hits="4" branch="False" />
              </lines>
            </method>
            <method name="get_Statut" signature="()" line-rate="1" branch-rate="1" complexity="1">
              <lines>
                <line number="52" hits="5" branch="False" />
              </lines>
            </method>
            <method name="get_DerniereConnexion" signature="()" line-rate="1" branch-rate="1" complexity="1">
              <lines>
                <line number="55" hits="3" branch="False" />
              </lines>
            </method>
            <method name="get_Agence" signature="()" line-rate="1" branch-rate="1" complexity="1">
              <lines>
                <line number="59" hits="4" branch="False" />
              </lines>
            </method>
          </methods>
          <lines>
            <line number="11" hits="10" branch="False" />
            <line number="14" hits="1" branch="False" />
            <line number="21" hits="11" branch="False" />
            <line number="27" hits="8" branch="False" />
            <line number="34" hits="8" branch="False" />
            <line number="39" hits="11" branch="False" />
            <line number="45" hits="11" branch="False" />
            <line number="49" hits="4" branch="False" />
            <line number="52" hits="5" branch="False" />
            <line number="55" hits="3" branch="False" />
            <line number="59" hits="4" branch="False" />
          </lines>
        </class>
        <class name="RecouvrementAPI.Helpers.RecouvrementHelper" filename="Helpers\RecouvrementHelper.cs" line-rate="1" branch-rate="0.625" complexity="8">
          <methods>
            <method name="CalculerJoursRetard" signature="(System.Collections.Generic.IEnumerable`1&lt;RecouvrementAPI.Models.Echeance&gt;)" line-rate="1" branch-rate="0.5" complexity="6">
              <lines>
                <line number="15" hits="23" branch="False" />
                <line number="16" hits="23" branch="True" condition-coverage="50% (1/2)">
                  <conditions>
                    <condition number="13" type="jump" coverage="50%" />
                  </conditions>
                </line>
                <line number="17" hits="23" branch="False" />
                <line number="18" hits="23" branch="False" />
                <line number="19" hits="23" branch="True" condition-coverage="50% (1/2)">
                  <conditions>
                    <condition number="16" type="jump" coverage="50%" />
                  </conditions>
                </line>
                <line number="20" hits="23" branch="False" />
                <line number="21" hits="23" branch="True" condition-coverage="50% (1/2)">
                  <conditions>
                    <condition number="67" type="jump" coverage="50%" />
                  </conditions>
                </line>
                <line number="22" hits="46" branch="False" />
                <line number="23" hits="23" branch="False" />
              </lines>
            </method>
            <method name="CalculerInteretsRetard" signature="(System.Decimal,System.Decimal,System.Int32)" line-rate="1" branch-rate="1" complexity="2">
              <lines>
                <line number="29" hits="10" branch="False" />
                <line number="31" hits="19" branch="True" condition-coverage="100% (2/2)">
                  <conditions>
                    <condition number="8" type="jump" coverage="100%" />
                  </conditions>
                </line>
                <line number="32" hits="1" branch="False" />
                <line number="33" hits="10" branch="False" />
              </lines>
            </method>
          </methods>
          <lines>
            <line number="15" hits="23" branch="False" />
            <line number="16" hits="23" branch="True" condition-coverage="50% (1/2)">
              <conditions>
                <condition number="13" type="jump" coverage="50%" />
              </conditions>
            </line>
            <line number="17" hits="23" branch="False" />
            <line number="18" hits="23" branch="False" />
            <line number="19" hits="23" branch="True" condition-coverage="50% (1/2)">
              <conditions>
                <condition number="16" type="jump" coverage="50%" />
              </conditions>
            </line>
            <line number="20" hits="23" branch="False" />
            <line number="21" hits="23" branch="True" condition-coverage="50% (1/2)">
              <conditions>
                <condition number="67" type="jump" coverage="50%" />
              </conditions>
            </line>
            <line number="22" hits="46" branch="False" />
            <line number="23" hits="23" branch="False" />
            <line number="29" hits="10" branch="False" />
            <line number="31" hits="19" branch="True" condition-coverage="100% (2/2)">
              <conditions>
                <condition number="8" type="jump" coverage="100%" />
              </conditions>
            </line>
            <line number="32" hits="1" branch="False" />
            <line number="33" hits="10" branch="False" />
          </lines>
        </class>
        <class name="RecouvrementAPI.Helpers.RecouvrementHelper/&lt;VerifierRetard3Mois&gt;d__2" filename="Helpers\RecouvrementHelper.cs" line-rate="0.3703" branch-rate="0.75" complexity="4">
          <methods>
            <method name="MoveNext" signature="()" line-rate="0.3703" branch-rate="0.75" complexity="4">
              <lines>
                <line number="38" hits="10" branch="False" />
                <line number="39" hits="10" branch="False" />
                <line number="40" hits="19" branch="True" condition-coverage="100% (2/2)">
                  <conditions>
                    <condition number="99" type="jump" coverage="100%" />
                  </conditions>
                </line>
                <line number="42" hits="1" branch="False" />
                <line number="43" hits="1" branch="False" />
                <line number="44" hits="1" branch="False" />
                <line number="45" hits="1" branch="False" />
                <line number="46" hits="1" branch="False" />
                <line number="47" hits="1" branch="True" condition-coverage="50% (1/2)">
                  <conditions>
                    <condition number="540" type="jump" coverage="50%" />
                  </conditions>
                </line>
                <line number="48" hits="0" branch="False" />
                <line number="49" hits="0" branch="False" />
                <line number="50" hits="0" branch="False" />
                <line number="51" hits="0" branch="False" />
                <line number="52" hits="0" branch="False" />
                <line number="53" hits="0" branch="False" />
                <line number="54" hits="0" branch="False" />
                <line number="55" hits="0" branch="False" />
                <line number="56" hits="0" branch="False" />
                <line number="57" hits="0" branch="False" />
                <line number="58" hits="0" branch="False" />
                <line number="59" hits="0" branch="False" />
                <line number="60" hits="0" branch="False" />
                <line number="61" hits="0" branch="False" />
                <line number="62" hits="0" branch="False" />
                <line number="63" hits="0" branch="False" />
                <line number="64" hits="0" branch="False" />
                <line number="65" hits="10" branch="False" />
              </lines>
            </method>
          </methods>
          <lines>
            <line number="38" hits="10" branch="False" />
            <line number="39" hits="10" branch="False" />
            <line number="40" hits="19" branch="True" condition-coverage="100% (2/2)">
              <conditions>
                <condition number="99" type="jump" coverage="100%" />
              </conditions>
            </line>
            <line number="42" hits="1" branch="False" />
            <line number="43" hits="1" branch="False" />
            <line number="44" hits="1" branch="False" />
            <line number="45" hits="1" branch="False" />
            <line number="46" hits="1" branch="False" />
            <line number="47" hits="1" branch="True" condition-coverage="50% (1/2)">
              <conditions>
                <condition number="540" type="jump" coverage="50%" />
              </conditions>
            </line>
            <line number="48" hits="0" branch="False" />
            <line number="49" hits="0" branch="False" />
            <line number="50" hits="0" branch="False" />
            <line number="51" hits="0" branch="False" />
            <line number="52" hits="0" branch="False" />
            <line number="53" hits="0" branch="False" />
            <line number="54" hits="0" branch="False" />
            <line number="55" hits="0" branch="False" />
            <line number="56" hits="0" branch="False" />
            <line number="57" hits="0" branch="False" />
            <line number="58" hits="0" branch="False" />
            <line number="59" hits="0" branch="False" />
            <line number="60" hits="0" branch="False" />
            <line number="61" hits="0" branch="False" />
            <line number="62" hits="0" branch="False" />
            <line number="63" hits="0" branch="False" />
            <line number="64" hits="0" branch="False" />
            <line number="65" hits="10" branch="False" />
          </lines>
        </class>
        <class name="RecouvrementAPI.DTOs.CreateClientDto" filename="DTOs\AdminClientDto.cs" line-rate="0" branch-rate="1" complexity="8">
          <methods>
            <method name="get_Nom" signature="()" line-rate="0" branch-rate="1" complexity="1">
              <lines>
                <line number="8" hits="0" branch="False" />
              </lines>
            </method>
            <method name="get_Prenom" signature="()" line-rate="0" branch-rate="1" complexity="1">
              <lines>
                <line number="10" hits="0" branch="False" />
              </lines>
            </method>
            <method name="get_CIN" signature="()" line-rate="0" branch-rate="1" complexity="1">
              <lines>
                <line number="12" hits="0" branch="False" />
              </lines>
            </method>
            <method name="get_Adresse" signature="()" line-rate="0" branch-rate="1" complexity="1">
              <lines>
                <line number="14" hits="0" branch="False" />
              </lines>
            </method>
            <method name="get_Email" signature="()" line-rate="0" branch-rate="1" complexity="1">
              <lines>
                <line number="16" hits="0" branch="False" />
              </lines>
            </method>
            <method name="get_Telephone" signature="()" line-rate="0" branch-rate="1" complexity="1">
              <lines>
                <line number="18" hits="0" branch="False" />
              </lines>
            </method>
            <method name="get_IdAgence" signature="()" line-rate="0" branch-rate="1" complexity="1">
              <lines>
                <line number="20" hits="0" branch="False" />
              </lines>
            </method>
            <method name="get_PremierDossier" signature="()" line-rate="0" branch-rate="1" complexity="1">
              <lines>
                <line number="23" hits="0" branch="False" />
              </lines>
            </method>
          </methods>
          <lines>
            <line number="8" hits="0" branch="False" />
            <line number="10" hits="0" branch="False" />
            <line number="12" hits="0" branch="False" />
            <line number="14" hits="0" branch="False" />
            <line number="16" hits="0" branch="False" />
            <line number="18" hits="0" branch="False" />
            <line number="20" hits="0" branch="False" />
            <line number="23" hits="0" branch="False" />
          </lines>
        </class>
        <class name="RecouvrementAPI.DTOs.CreateDossierDto" filename="DTOs\AdminClientDto.cs" line-rate="0" branch-rate="1" complexity="4">
          <methods>
            <method name="get_MontantInitial" signature="()" line-rate="0" branch-rate="1" complexity="1">
              <lines>
                <line number="29" hits="0" branch="False" />
              </lines>
            </method>
            <method name="get_TypeEmprunt" signature="()" line-rate="0" branch-rate="1" complexity="1">
              <lines>
                <line number="31" hits="0" branch="False" />
              </lines>
            </method>
            <method name="get_TauxInteret" signature="()" line-rate="0" branch-rate="1" complexity="1">
              <lines>
                <line number="33" hits="0" branch="False" />
              </lines>
            </method>
            <method name="get_StatutDossier" signature="()" line-rate="0" branch-rate="1" complexity="1">
              <lines>
                <line number="35" hits="0" branch="False" />
              </lines>
            </method>
          </methods>
          <lines>
            <line number="29" hits="0" branch="False" />
            <line number="31" hits="0" branch="False" />
            <line number="33" hits="0" branch="False" />
            <line number="35" hits="0" branch="False" />
          </lines>
        </class>
        <class name="RecouvrementAPI.DTOs.UpdateClientDto" filename="DTOs\AdminClientDto.cs" line-rate="0" branch-rate="1" complexity="6">
          <methods>
            <method name="get_Nom" signature="()" line-rate="0" branch-rate="1" complexity="1">
              <lines>
                <line number="40" hits="0" branch="False" />
              </lines>
            </method>
            <method name="get_Prenom" signature="()" line-rate="0" branch-rate="1" complexity="1">
              <lines>
                <line number="41" hits="0" branch="False" />
              </lines>
            </method>
            <method name="get_Adresse" signature="()" line-rate="0" branch-rate="1" complexity="1">
              <lines>
                <line number="42" hits="0" branch="False" />
              </lines>
            </method>
            <method name="get_Email" signature="()" line-rate="0" branch-rate="1" complexity="1">
              <lines>
                <line number="43" hits="0" branch="False" />
              </lines>
            </method>
            <method name="get_Telephone" signature="()" line-rate="0" branch-rate="1" complexity="1">
              <lines>
                <line number="44" hits="0" branch="False" />
              </lines>
            </method>
            <method name="get_IdAgence" signature="()" line-rate="0" branch-rate="1" complexity="1">
              <lines>
                <line number="45" hits="0" branch="False" />
              </lines>
            </method>
          </methods>
          <lines>
            <line number="40" hits="0" branch="False" />
            <line number="41" hits="0" branch="False" />
            <line number="42" hits="0" branch="False" />
            <line number="43" hits="0" branch="False" />
            <line number="44" hits="0" branch="False" />
            <line number="45" hits="0" branch="False" />
          </lines>
        </class>
        <class name="RecouvrementAPI.DTOs.LoginRequestDto" filename="DTOs\AuthDto.cs" line-rate="1" branch-rate="1" complexity="2">
          <methods>
            <method name="get_Email" signature="()" line-rate="1" branch-rate="1" complexity="1">
              <lines>
                <line number="9" hits="12" branch="False" />
              </lines>
            </method>
            <method name="get_MotDePasse" signature="()" line-rate="1" branch-rate="1" complexity="1">
              <lines>
                <line number="12" hits="9" branch="False" />
              </lines>
            </method>
          </methods>
          <lines>
            <line number="9" hits="12" branch="False" />
            <line number="12" hits="9" branch="False" />
          </lines>
        </class>
        <class name="RecouvrementAPI.DTOs.LoginResponseDto" filename="DTOs\AuthDto.cs" line-rate="1" branch-rate="1" complexity="6">
          <methods>
            <method name="get_Token" signature="()" line-rate="1" branch-rate="1" complexity="1">
              <lines>
                <line number="21" hits="6" branch="False" />
              </lines>
            </method>
            <method name="get_TokenExpire" signature="()" line-rate="1" branch-rate="1" complexity="1">
              <lines>
                <line number="22" hits="6" branch="False" />
              </lines>
            </method>
            <method name="get_AgentId" signature="()" line-rate="1" branch-rate="1" complexity="1">
              <lines>
                <line number="23" hits="6" branch="False" />
              </lines>
            </method>
            <method name="get_Nom" signature="()" line-rate="1" branch-rate="1" complexity="1">
              <lines>
                <line number="24" hits="6" branch="False" />
              </lines>
            </method>
            <method name="get_Prenom" signature="()" line-rate="1" branch-rate="1" complexity="1">
              <lines>
                <line number="25" hits="6" branch="False" />
              </lines>
            </method>
            <method name="get_Role" signature="()" line-rate="1" branch-rate="1" complexity="1">
              <lines>
                <line number="26" hits="6" branch="False" />
              </lines>
            </method>
          </methods>
          <lines>
            <line number="21" hits="6" branch="False" />
            <line number="22" hits="6" branch="False" />
            <line number="23" hits="6" branch="False" />
            <line number="24" hits="6" branch="False" />
            <line number="25" hits="6" branch="False" />
            <line number="26" hits="6" branch="False" />
          </lines>
        </class>
        <class name="RecouvrementAPI.DTOs.ClientFormDto" filename="DTOs\ClientFormDto.cs" line-rate="0" branch-rate="1" complexity="6">
          <methods>
            <method name="get_NomComplet" signature="()" line-rate="0" branch-rate="1" complexity="1">
              <lines>
                <line number="8" hits="0" branch="False" />
              </lines>
            </method>
            <method name="get_VilleAgence" signature="()" line-rate="0" branch-rate="1" complexity="1">
              <lines>
                <line number="11" hits="0" branch="False" />
              </lines>
            </method>
            <method name="get_MontantImpaye" signature="()" line-rate="0" branch-rate="1" complexity="1">
              <lines>
                <line number="15" hits="0" branch="False" />
              </lines>
            </method>
            <method name="get_FraisDossier" signature="()" line-rate="0" branch-rate="1" complexity="1">
              <lines>
                <line number="18" hits="0" branch="False" />
              </lines>
            </method>
            <method name="get_StatutDossier" signature="()" line-rate="0" branch-rate="1" complexity="1">
              <lines>
                <line number="21" hits="0" branch="False" />
              </lines>
            </method>
            <method name="get_DateEcheance" signature="()" line-rate="0" branch-rate="1" complexity="1">
              <lines>
                <line number="24" hits="0" branch="False" />
              </lines>
            </method>
          </methods>
          <lines>
            <line number="8" hits="0" branch="False" />
            <line number="11" hits="0" branch="False" />
            <line number="15" hits="0" branch="False" />
            <line number="18" hits="0" branch="False" />
            <line number="21" hits="0" branch="False" />
            <line number="24" hits="0" branch="False" />
          </lines>
        </class>
        <class name="RecouvrementAPI.DTOs.ClientHistoriqueDto" filename="DTOs\ClientHistoriqueDto.cs" line-rate="1" branch-rate="1" complexity="4">
          <methods>
            <method name="get_NomComplet" signature="()" line-rate="1" branch-rate="1" complexity="1">
              <lines>
                <line number="6" hits="2" branch="False" />
              </lines>
            </method>
            <method name="get_IdAgence" signature="()" line-rate="1" branch-rate="1" complexity="1">
              <lines>
                <line number="7" hits="2" branch="False" />
              </lines>
            </method>
            <method name="get_VilleAgence" signature="()" line-rate="1" branch-rate="1" complexity="1">
              <lines>
                <line number="8" hits="2" branch="False" />
              </lines>
            </method>
            <method name="get_Dossiers" signature="()" line-rate="1" branch-rate="1" complexity="1">
              <lines>
                <line number="11" hits="2" branch="False" />
              </lines>
            </method>
          </methods>
          <lines>
            <line number="6" hits="2" branch="False" />
            <line number="7" hits="2" branch="False" />
            <line number="8" hits="2" branch="False" />
            <line number="11" hits="2" branch="False" />
          </lines>
        </class>
        <class name="RecouvrementAPI.DTOs.ClientListKpiDto" filename="DTOs\ClientListDto.cs" line-rate="0" branch-rate="1" complexity="5">
          <methods>
            <method name="get_TotalClients" signature="()" line-rate="0" branch-rate="1" complexity="1">
              <lines>
                <line number="7" hits="0" branch="False" />
              </lines>
            </method>
            <method name="get_MontantTotalEmprunte" signature="()" line-rate="0" branch-rate="1" complexity="1">
              <lines>
                <line number="8" hits="0" branch="False" />
              </lines>
            </method>
            <method name="get_Contentieux" signature="()" line-rate="0" branch-rate="1" complexity="1">
              <lines>
                <line number="9" hits="0" branch="False" />
              </lines>
            </method>
            <method name="get_Amiable" signature="()" line-rate="0" branch-rate="1" complexity="1">
              <lines>
                <line number="10" hits="0" branch="False" />
              </lines>
            </method>
            <method name="get_Regularise" signature="()" line-rate="0" branch-rate="1" complexity="1">
              <lines>
                <line number="11" hits="0" branch="False" />
              </lines>
            </method>
          </methods>
          <lines>
            <line number="7" hits="0" branch="False" />
            <line number="8" hits="0" branch="False" />
            <line number="9" hits="0" branch="False" />
            <line number="10" hits="0" branch="False" />
            <line number="11" hits="0" branch="False" />
          </lines>
        </class>
        <class name="RecouvrementAPI.DTOs.ClientListItemDto" filename="DTOs\ClientListDto.cs" line-rate="0" branch-rate="1" complexity="10">
          <methods>
            <method name="get_IdDossier" signature="()" line-rate="0" branch-rate="1" complexity="1">
              <lines>
                <line number="16" hits="0" branch="False" />
              </lines>
            </method>
            <method name="get_NumDossier" signature="()" line-rate="0" branch-rate="1" complexity="1">
              <lines>
                <line number="17" hits="0" branch="False" />
              </lines>
            </method>
            <method name="get_Client" signature="()" line-rate="0" branch-rate="1" complexity="1">
              <lines>
                <line number="18" hits="0" branch="False" />
              </lines>
            </method>
            <method name="get_Telephone" signature="()" line-rate="0" branch-rate="1" complexity="1">
              <lines>
                <line number="19" hits="0" branch="False" />
              </lines>
            </method>
            <method name="get_Email" signature="()" line-rate="0" branch-rate="1" complexity="1">
              <lines>
                <line number="20" hits="0" branch="False" />
              </lines>
            </method>
            <method name="get_Agence" signature="()" line-rate="0" branch-rate="1" complexity="1">
              <lines>
                <line number="21" hits="0" branch="False" />
              </lines>
            </method>
            <method name="get_TypeCredit" signature="()" line-rate="0" branch-rate="1" complexity="1">
              <lines>
                <line number="22" hits="0" branch="False" />
              </lines>
            </method>
            <method name="get_MontantDu" signature="()" line-rate="0" branch-rate="1" complexity="1">
              <lines>
                <line number="23" hits="0" branch="False" />
              </lines>
            </method>
            <method name="get_Retard" signature="()" line-rate="0" branch-rate="1" complexity="1">
              <lines>
                <line number="24" hits="0" branch="False" />
              </lines>
            </method>
            <method name="get_Statut" signature="()" line-rate="0" branch-rate="1" complexity="1">
              <lines>
                <line number="25" hits="0" branch="False" />
              </lines>
            </method>
          </methods>
          <lines>
            <line number="16" hits="0" branch="False" />
            <line number="17" hits="0" branch="False" />
            <line number="18" hits="0" branch="False" />
            <line number="19" hits="0" branch="False" />
            <line number="20" hits="0" branch="False" />
[...]
              <lines>
                <line number="23" hits="0" branch="False" />
                <line number="24" hits="0" branch="False" />
                <line number="25" hits="0" branch="False" />
                <line number="26" hits="0" branch="False" />
                <line number="27" hits="0" branch="False" />
              </lines>
            </method>
          </methods>
          <lines>
            <line number="184" hits="0" branch="False" />
            <line number="185" hits="0" branch="True" condition-coverage="0% (0/2)">
              <conditions>
                <condition number="13" type="jump" coverage="0%" />
              </conditions>
            </line>
            <line number="187" hits="0" branch="False" />
            <line number="188" hits="0" branch="False" />
            <line number="190" hits="0" branch="True" condition-coverage="0% (0/4)">
              <conditions>
                <condition number="98" type="jump" coverage="0%" />
                <condition number="104" type="jump" coverage="0%" />
              </conditions>
            </line>
            <line number="191" hits="0" branch="False" />
            <line number="192" hits="0" branch="False" />
            <line number="193" hits="0" branch="False" />
            <line number="194" hits="0" branch="False" />
            <line number="195" hits="0" branch="False" />
            <line number="196" hits="0" branch="False" />
            <line number="23" hits="0" branch="False" />
            <line number="24" hits="0" branch="False" />
            <line number="25" hits="0" branch="False" />
            <line number="26" hits="0" branch="False" />
            <line number="27" hits="0" branch="False" />
          </lines>
        </class>
        <class name="RecouvrementAPI.Controllers.UtilisateurController/&lt;&gt;c" filename="controllers\UtilisateurController.cs" line-rate="0" branch-rate="0" complexity="6">
          <methods>
            <method name="&lt;GetUtilisateurs&gt;b__3_3" signature="(RecouvrementAPI.Models.UtilisateurBack)" line-rate="0" branch-rate="0" complexity="6">
              <lines>
                <line number="65" hits="0" branch="True" condition-coverage="0% (0/6)">
                  <conditions>
                    <condition number="68" type="jump" coverage="0%" />
                    <condition number="116" type="jump" coverage="0%" />
                    <condition number="128" type="jump" coverage="0%" />
                  </conditions>
                </line>
                <line number="66" hits="0" branch="False" />
                <line number="67" hits="0" branch="False" />
                <line number="68" hits="0" branch="False" />
                <line number="69" hits="0" branch="False" />
                <line number="70" hits="0" branch="False" />
                <line number="71" hits="0" branch="False" />
                <line number="72" hits="0" branch="False" />
                <line number="73" hits="0" branch="False" />
                <line number="74" hits="0" branch="False" />
                <line number="75" hits="0" branch="False" />
                <line number="76" hits="0" branch="False" />
              </lines>
            </method>
          </methods>
          <lines>
            <line number="65" hits="0" branch="True" condition-coverage="0% (0/6)">
              <conditions>
                <condition number="68" type="jump" coverage="0%" />
                <condition number="116" type="jump" coverage="0%" />
                <condition number="128" type="jump" coverage="0%" />
              </conditions>
            </line>
            <line number="66" hits="0" branch="False" />
            <line number="67" hits="0" branch="False" />
            <line number="68" hits="0" branch="False" />
            <line number="69" hits="0" branch="False" />
            <line number="70" hits="0" branch="False" />
            <line number="71" hits="0" branch="False" />
            <line number="72" hits="0" branch="False" />
            <line number="73" hits="0" branch="False" />
            <line number="74" hits="0" branch="False" />
            <line number="75" hits="0" branch="False" />
            <line number="76" hits="0" branch="False" />
          </lines>
        </class>
        <class name="RecouvrementAPI.Controllers.UtilisateurController/&lt;CreateUtilisateur&gt;d__4" filename="controllers\UtilisateurController.cs" line-rate="0" branch-rate="0" complexity="2">
          <methods>
            <method name="MoveNext" signature="()" line-rate="0" branch-rate="0" complexity="2">
              <lines>
                <line number="99" hits="0" branch="False" />
                <line number="101" hits="0" branch="False" />
                <line number="102" hits="0" branch="True" condition-coverage="0% (0/2)">
                  <conditions>
                    <condition number="323" type="jump" coverage="0%" />
                  </conditions>
                </line>
                <line number="103" hits="0" branch="False" />
                <line number="105" hits="0" branch="False" />
                <line number="106" hits="0" branch="False" />
                <line number="107" hits="0" branch="False" />
                <line number="108" hits="0" branch="False" />
                <line number="109" hits="0" branch="False" />
                <line number="110" hits="0" branch="False" />
                <line number="111" hits="0" branch="False" />
                <line number="112" hits="0" branch="False" />
                <line number="113" hits="0" branch="False" />
                <line number="114" hits="0" branch="False" />
                <line number="115" hits="0" branch="False" />
                <line number="117" hits="0" branch="False" />
                <line number="118" hits="0" branch="False" />
                <line number="120" hits="0" branch="False" />
                <line number="122" hits="0" branch="False" />
                <line number="123" hits="0" branch="False" />
                <line number="124" hits="0" branch="False" />
                <line number="125" hits="0" branch="False" />
                <line number="127" hits="0" branch="False" />
              </lines>
            </method>
          </methods>
          <lines>
            <line number="99" hits="0" branch="False" />
            <line number="101" hits="0" branch="False" />
            <line number="102" hits="0" branch="True" condition-coverage="0% (0/2)">
              <conditions>
                <condition number="323" type="jump" coverage="0%" />
              </conditions>
            </line>
            <line number="103" hits="0" branch="False" />
            <line number="105" hits="0" branch="False" />
            <line number="106" hits="0" branch="False" />
            <line number="107" hits="0" branch="False" />
            <line number="108" hits="0" branch="False" />
            <line number="109" hits="0" branch="False" />
            <line number="110" hits="0" branch="False" />
            <line number="111" hits="0" branch="False" />
            <line number="112" hits="0" branch="False" />
            <line number="113" hits="0" branch="False" />
            <line number="114" hits="0" branch="False" />
            <line number="115" hits="0" branch="False" />
            <line number="117" hits="0" branch="False" />
            <line number="118" hits="0" branch="False" />
            <line number="120" hits="0" branch="False" />
            <line number="122" hits="0" branch="False" />
            <line number="123" hits="0" branch="False" />
            <line number="124" hits="0" branch="False" />
            <line number="125" hits="0" branch="False" />
            <line number="127" hits="0" branch="False" />
          </lines>
        </class>
        <class name="RecouvrementAPI.Controllers.UtilisateurController/&lt;GetUtilisateurs&gt;d__3" filename="controllers\UtilisateurController.cs" line-rate="0" branch-rate="0" complexity="8">
          <methods>
            <method name="MoveNext" signature="()" line-rate="0" branch-rate="0" complexity="8">
              <lines>
                <line number="39" hits="0" branch="False" />
                <line number="41" hits="0" branch="False" />
                <line number="42" hits="0" branch="False" />
                <line number="43" hits="0" branch="False" />
                <line number="44" hits="0" branch="False" />
                <line number="46" hits="0" branch="True" condition-coverage="0% (0/4)">
                  <conditions>
                    <condition number="189" type="jump" coverage="0%" />
                    <condition number="217" type="jump" coverage="0%" />
                  </conditions>
                </line>
                <line number="47" hits="0" branch="False" />
                <line number="48" hits="0" branch="False" />
                <line number="49" hits="0" branch="False" />
                <line number="51" hits="0" branch="True" condition-coverage="0% (0/4)">
                  <conditions>
                    <condition number="422" type="jump" coverage="0%" />
                    <condition number="452" type="jump" coverage="0%" />
                  </conditions>
                </line>
                <line number="52" hits="0" branch="False" />
                <line number="53" hits="0" branch="False" />
                <line number="54" hits="0" branch="False" />
                <line number="56" hits="0" branch="False" />
                <line number="57" hits="0" branch="False" />
                <line number="59" hits="0" branch="False" />
                <line number="60" hits="0" branch="False" />
                <line number="61" hits="0" branch="False" />
                <line number="62" hits="0" branch="False" />
                <line number="63" hits="0" branch="False" />
                <line number="78" hits="0" branch="False" />
                <line number="79" hits="0" branch="False" />
                <line number="80" hits="0" branch="False" />
                <line number="81" hits="0" branch="False" />
                <line number="82" hits="0" branch="False" />
                <line number="83" hits="0" branch="False" />
                <line number="84" hits="0" branch="False" />
                <line number="86" hits="0" branch="False" />
                <line number="87" hits="0" branch="False" />
                <line number="88" hits="0" branch="False" />
                <line number="89" hits="0" branch="False" />
                <line number="91" hits="0" branch="False" />
              </lines>
            </method>
          </methods>
          <lines>
            <line number="39" hits="0" branch="False" />
            <line number="41" hits="0" branch="False" />
            <line number="42" hits="0" branch="False" />
            <line number="43" hits="0" branch="False" />
            <line number="44" hits="0" branch="False" />
            <line number="46" hits="0" branch="True" condition-coverage="0% (0/4)">
              <conditions>
                <condition number="189" type="jump" coverage="0%" />
                <condition number="217" type="jump" coverage="0%" />
              </conditions>
            </line>
            <line number="47" hits="0" branch="False" />
            <line number="48" hits="0" branch="False" />
            <line number="49" hits="0" branch="False" />
            <line number="51" hits="0" branch="True" condition-coverage="0% (0/4)">
              <conditions>
                <condition number="422" type="jump" coverage="0%" />
                <condition number="452" type="jump" coverage="0%" />
              </conditions>
            </line>
            <line number="52" hits="0" branch="False" />
            <line number="53" hits="0" branch="False" />
            <line number="54" hits="0" branch="False" />
            <line number="56" hits="0" branch="False" />
            <line number="57" hits="0" branch="False" />
            <line number="59" hits="0" branch="False" />
            <line number="60" hits="0" branch="False" />
            <line number="61" hits="0" branch="False" />
            <line number="62" hits="0" branch="False" />
            <line number="63" hits="0" branch="False" />
            <line number="78" hits="0" branch="False" />
            <line number="79" hits="0" branch="False" />
            <line number="80" hits="0" branch="False" />
            <line number="81" hits="0" branch="False" />
            <line number="82" hits="0" branch="False" />
            <line number="83" hits="0" branch="False" />
            <line number="84" hits="0" branch="False" />
            <line number="86" hits="0" branch="False" />
            <line number="87" hits="0" branch="False" />
            <line number="88" hits="0" branch="False" />
            <line number="89" hits="0" branch="False" />
            <line number="91" hits="0" branch="False" />
          </lines>
        </class>
        <class name="RecouvrementAPI.Controllers.UtilisateurController/&lt;ToggleStatut&gt;d__5" filename="controllers\UtilisateurController.cs" line-rate="0" branch-rate="0" complexity="4">
          <methods>
            <method name="MoveNext" signature="()" line-rate="0" branch-rate="0" complexity="4">
              <lines>
                <line number="135" hits="0" branch="False" />
                <line number="137" hits="0" branch="False" />
                <line number="138" hits="0" branch="False" />
                <line number="139" hits="0" branch="True" condition-coverage="0% (0/2)">
                  <conditions>
                    <condition number="208" type="jump" coverage="0%" />
                  </conditions>
                </line>
                <line number="141" hits="0" branch="True" condition-coverage="0% (0/2)">
                  <conditions>
                    <condition number="264" type="jump" coverage="0%" />
                  </conditions>
                </line>
                <line number="142" hits="0" branch="False" />
                <line number="144" hits="0" branch="False" />
                <line number="146" hits="0" branch="False" />
                <line number="147" hits="0" branch="False" />
                <line number="148" hits="0" branch="False" />
                <line number="149" hits="0" branch="False" />
                <line number="151" hits="0" branch="False" />
              </lines>
            </method>
          </methods>
          <lines>
            <line number="135" hits="0" branch="False" />
            <line number="137" hits="0" branch="False" />
            <line number="138" hits="0" branch="False" />
            <line number="139" hits="0" branch="True" condition-coverage="0% (0/2)">
              <conditions>
                <condition number="208" type="jump" coverage="0%" />
              </conditions>
            </line>
            <line number="141" hits="0" branch="True" condition-coverage="0% (0/2)">
              <conditions>
                <condition number="264" type="jump" coverage="0%" />
              </conditions>
            </line>
            <line number="142" hits="0" branch="False" />
            <line number="144" hits="0" branch="False" />
            <line number="146" hits="0" branch="False" />
            <line number="147" hits="0" branch="False" />
            <line number="148" hits="0" branch="False" />
            <line number="149" hits="0" branch="False" />
            <line number="151" hits="0" branch="False" />
          </lines>
        </class>
        <class name="RecouvrementAPI.Controllers.UtilisateurController/&lt;UpdateUtilisateur&gt;d__6" filename="controllers\UtilisateurController.cs" line-rate="0" branch-rate="0" complexity="10">
          <methods>
            <method name="MoveNext" signature="()" line-rate="0" branch-rate="0" complexity="10">
              <lines>
                <line number="159" hits="0" branch="False" />
                <line number="161" hits="0" branch="False" />
                <line number="162" hits="0" branch="False" />
                <line number="163" hits="0" branch="True" condition-coverage="0% (0/2)">
                  <conditions>
                    <condition number="208" type="jump" coverage="0%" />
                  </conditions>
                </line>
                <line number="165" hits="0" branch="True" condition-coverage="0% (0/2)">
                  <conditions>
                    <condition number="260" type="jump" coverage="0%" />
                  </conditions>
                </line>
                <line number="166" hits="0" branch="True" condition-coverage="0% (0/2)">
                  <conditions>
                    <condition number="308" type="jump" coverage="0%" />
                  </conditions>
                </line>
                <line number="167" hits="0" branch="True" condition-coverage="0% (0/2)">
                  <conditions>
                    <condition number="356" type="jump" coverage="0%" />
                  </conditions>
                </line>
                <line number="168" hits="0" branch="True" condition-coverage="0% (0/2)">
                  <conditions>
                    <condition number="404" type="jump" coverage="0%" />
                  </conditions>
                </line>
                <line number="169" hits="0" branch="False" />
                <line number="171" hits="0" branch="False" />
                <line number="173" hits="0" branch="False" />
                <line number="175" hits="0" branch="False" />
                <line number="176" hits="0" branch="False" />
                <line number="177" hits="0" branch="False" />
                <line number="178" hits="0" branch="False" />
                <line number="180" hits="0" branch="False" />
              </lines>
            </method>
          </methods>
          <lines>
            <line number="159" hits="0" branch="False" />
            <line number="161" hits="0" branch="False" />
            <line number="162" hits="0" branch="False" />
            <line number="163" hits="0" branch="True" condition-coverage="0% (0/2)">
              <conditions>
                <condition number="208" type="jump" coverage="0%" />
              </conditions>
            </line>
            <line number="165" hits="0" branch="True" condition-coverage="0% (0/2)">
              <conditions>
                <condition number="260" type="jump" coverage="0%" />
              </conditions>
            </line>
            <line number="166" hits="0" branch="True" condition-coverage="0% (0/2)">
              <conditions>
                <condition number="308" type="jump" coverage="0%" />
              </conditions>
            </line>
            <line number="167" hits="0" branch="True" condition-coverage="0% (0/2)">
              <conditions>
                <condition number="356" type="jump" coverage="0%" />
              </conditions>
            </line>
            <line number="168" hits="0" branch="True" condition-coverage="0% (0/2)">
              <conditions>
                <condition number="404" type="jump" coverage="0%" />
              </conditions>
            </line>
            <line number="169" hits="0" branch="False" />
            <line number="171" hits="0" branch="False" />
            <line number="173" hits="0" branch="False" />
            <line number="175" hits="0" branch="False" />
            <line number="176" hits="0" branch="False" />
            <line number="177" hits="0" branch="False" />
            <line number="178" hits="0" branch="False" />
            <line number="180" hits="0" branch="False" />
          </lines>
        </class>
      </classes>
    </package>
  </packages>
</coverage>